<?xml version="1.0" encoding="UTF-8"?>
<!-- Generated by org.testng.reporters.JUnitReportReporter -->
<testsuite hostname="admin-PC" failures="0" tests="2" name="AllTest.SecondTest" time="28.644" errors="0" timestamp="2024-12-17T15:54:34 IST" skipped="0">
  <testcase classname="AllTest.SecondTest" name="ToastMessage" time="14.382"/>
  <testcase classname="AllTest.SecondTest" name="PositiveFlow" time="14.262"/>
</testsuite> <!-- AllTest.SecondTest -->
