<?xml version="1.0" encoding="UTF-8"?>
<!-- Generated by org.testng.reporters.JUnitReportReporter -->
<testsuite hostname="admin-PC" failures="0" tests="1" name="FirstTest" time="30.823" errors="0" timestamp="2024-12-15T18:12:55 IST" skipped="0">
  <testcase classname="FirstTest" name="firsttesting" time="30.823"/>
</testsuite> <!-- FirstTest -->
