<?xml version="1.0" encoding="UTF-8"?>
<!-- Generated by org.testng.reporters.JUnitReportReporter -->
<testsuite hostname="admin-PC" failures="0" tests="2" name="SecondTest" time="30.993" errors="0" timestamp="2024-12-15T18:04:18 IST" skipped="0">
  <testcase classname="SecondTest" name="PositiveFlow" time="15.371"/>
  <testcase classname="SecondTest" name="ToastMessage" time="15.622"/>
</testsuite> <!-- SecondTest -->
